This is pdfTeX, Version 3.1415926-2.5-1.40.14 (TeX Live 2013) (format=pdflatex 2013.5.30)  10 JUL 2015 03:43
entering extended mode
 restricted \write18 enabled.
 file:line:error style messages enabled.
 %&-line parsing enabled.
**classBin.tex
(./classBin.tex
LaTeX2e <2011/06/27>
Babel <3.9f> and hyphenation patterns for 78 languages loaded.
./classBin.tex:1: Undefined control sequence.
l.1 \hypertarget
                {classBin}{\section{Bin Class Reference}
? 

./classBin.tex:1: LaTeX Error: Missing \begin{document}.

See the LaTeX manual or LaTeX Companion for explanation.
Type  H <return>  for immediate help.
 ...                                              
                                                  
l.1 \hypertarget{c
                  lassBin}{\section{Bin Class Reference}
? 
Missing character: There is no c in font nullfont!
Missing character: There is no l in font nullfont!
Missing character: There is no a in font nullfont!
Missing character: There is no s in font nullfont!
Missing character: There is no s in font nullfont!
Missing character: There is no B in font nullfont!
Missing character: There is no i in font nullfont!
Missing character: There is no n in font nullfont!
./classBin.tex:1: Undefined control sequence.
l.1 \hypertarget{classBin}{\section
                                   {Bin Class Reference}
? 
Missing character: There is no B in font nullfont!
Missing character: There is no i in font nullfont!
Missing character: There is no n in font nullfont!
Missing character: There is no C in font nullfont!
Missing character: There is no l in font nullfont!
Missing character: There is no a in font nullfont!
Missing character: There is no s in font nullfont!
Missing character: There is no s in font nullfont!
Missing character: There is no R in font nullfont!
Missing character: There is no e in font nullfont!
Missing character: There is no f in font nullfont!
Missing character: There is no e in font nullfont!
Missing character: There is no r in font nullfont!
Missing character: There is no e in font nullfont!
Missing character: There is no n in font nullfont!
Missing character: There is no c in font nullfont!
Missing character: There is no e in font nullfont!

Overfull \hbox (20.0pt too wide) in paragraph at lines 1--4
[]
 []


./classBin.tex:6: LaTeX Error: Missing \begin{document}.

See the LaTeX manual or LaTeX Companion for explanation.
Type  H <return>  for immediate help.
 ...                                              
                                                  
l.6 {\ttfamily \#
                 include $<$Histogram\-N\-D.\-h$>$}
? 
LaTeX Font Info:    External font `cmex10' loaded for size
(Font)              <7> on input line 6.
LaTeX Font Info:    External font `cmex10' loaded for size
(Font)              <5> on input line 6.

Overfull \hbox (61.99963pt too wide) in paragraph at lines 6--7
[]\OT1/cmtt/m/n/10 #include
 []


Overfull \hbox (60.27734pt too wide) in paragraph at lines 6--7
\OML/cmm/m/it/10 <$\OT1/cmtt/m/n/10 Histogram-
 []


Overfull \hbox (10.49991pt too wide) in paragraph at lines 6--7
\OT1/cmtt/m/n/10 N-
 []


Overfull \hbox (15.74986pt too wide) in paragraph at lines 6--7
\OT1/cmtt/m/n/10 D.-
 []


Overfull \hbox (13.02776pt too wide) in paragraph at lines 6--7
\OT1/cmtt/m/n/10 h$\OML/cmm/m/it/10 >$ 
 []

./classBin.tex:8: Undefined control sequence.
l.8 \subsection
               *{Public Member Functions}
? 

./classBin.tex:8: LaTeX Error: Missing \begin{document}.

See the LaTeX manual or LaTeX Companion for explanation.
Type  H <return>  for immediate help.
 ...                                              
                                                  
l.8 \subsection*
                {Public Member Functions}
? 
Missing character: There is no * in font nullfont!
Missing character: There is no P in font nullfont!
Missing character: There is no u in font nullfont!
Missing character: There is no b in font nullfont!
Missing character: There is no l in font nullfont!
Missing character: There is no i in font nullfont!
Missing character: There is no c in font nullfont!
Missing character: There is no M in font nullfont!
Missing character: There is no e in font nullfont!
Missing character: There is no m in font nullfont!
Missing character: There is no b in font nullfont!
Missing character: There is no e in font nullfont!
Missing character: There is no r in font nullfont!
Missing character: There is no F in font nullfont!
Missing character: There is no u in font nullfont!
Missing character: There is no n in font nullfont!
Missing character: There is no c in font nullfont!
Missing character: There is no t in font nullfont!
Missing character: There is no i in font nullfont!
Missing character: There is no o in font nullfont!
Missing character: There is no n in font nullfont!
Missing character: There is no s in font nullfont!

./classBin.tex:9: LaTeX Error: Environment DoxyCompactItemize undefined.

See the LaTeX manual or LaTeX Companion for explanation.
Type  H <return>  for immediate help.
 ...                                              
                                                  
l.9 \begin{DoxyCompactItemize}
                              
? 

Overfull \hbox (20.0pt too wide) in paragraph at lines 8--11
[]
 []


./classBin.tex:11: LaTeX Error: Lonely \item--perhaps a missing list environmen
t.

See the LaTeX manual or LaTeX Companion for explanation.
Type  H <return>  for immediate help.
 ...                                              
                                                  
l.11 \hyperlink
               {classBin_ab0c042b6a28914c9d4a5553881b83719}{Bin} ()
? 
./classBin.tex:11: Undefined control sequence.
<recently read> \hyperlink 
                           
l.11 \hyperlink
               {classBin_ab0c042b6a28914c9d4a5553881b83719}{Bin} ()
? 
Missing character: There is no c in font nullfont!
Missing character: There is no l in font nullfont!
Missing character: There is no a in font nullfont!
Missing character: There is no s in font nullfont!
Missing character: There is no s in font nullfont!
Missing character: There is no B in font nullfont!
Missing character: There is no i in font nullfont!
Missing character: There is no n in font nullfont!
./classBin.tex:11: Missing $ inserted.
<inserted text> 
                $
l.11 \hyperlink{classBin_
                         ab0c042b6a28914c9d4a5553881b83719}{Bin} ()
? 
./classBin.tex:11: Extra }, or forgotten $.
l.11 ...lassBin_ab0c042b6a28914c9d4a5553881b83719}
                                                  {Bin} ()
? 

./classBin.tex:12: LaTeX Error: Command \item invalid in math mode.

See the LaTeX manual or LaTeX Companion for explanation.
Type  H <return>  for immediate help.
 ...                                              
                                                  
l.12 \item
          
? 

./classBin.tex:13: LaTeX Error: Something's wrong--perhaps a missing \item.

See the LaTeX manual or LaTeX Companion for explanation.
Type  H <return>  for immediate help.
 ...                                              
                                                  
l.13 \hyperlink
               {classBin_ad15ba0e7ffec64cffbc25a4265388c6f}{Bin} (const \hyp...

? 

./classBin.tex:13: LaTeX Error: Something's wrong--perhaps a missing \item.

See the LaTeX manual or LaTeX Companion for explanation.
Type  H <return>  for immediate help.
 ...                                              
                                                  
l.13 \hyperlink
               {classBin_ad15ba0e7ffec64cffbc25a4265388c6f}{Bin} (const \hyp...

? 

./classBin.tex:13: LaTeX Error: Lonely \item--perhaps a missing list environmen
t.

See the LaTeX manual or LaTeX Companion for explanation.
Type  H <return>  for immediate help.
 ...                                              
                                                  
l.13 \hyperlink
               {classBin_ad15ba0e7ffec64cffbc25a4265388c6f}{Bin} (const \hyp...

? 
./classBin.tex:13: Undefined control sequence.
<recently read> \hyperlink 
                           
l.13 \hyperlink
               {classBin_ad15ba0e7ffec64cffbc25a4265388c6f}{Bin} (const \hyp...

? 
./classBin.tex:13: Undefined control sequence.
l.13 ...cffbc25a4265388c6f}{Bin} (const \hyperlink
                                                  {classBin}{Bin} \&one)
? 

./classBin.tex:14: LaTeX Error: Command \item invalid in math mode.

See the LaTeX manual or LaTeX Companion for explanation.
Type  H <return>  for immediate help.
 ...                                              
                                                  
l.14 \item
          
? 
./classBin.tex:15: Missing $ inserted.
<inserted text> 
                $
l.15 \hyperlink
               {classBin_a2e1b637831c72e66f15dfdd541380a3d}{$\sim$\-Bin} ()
? 

Overfull \hbox (542.15114pt too wide) in paragraph at lines 11--15
[]\OML/cmm/m/it/10 b\OT1/cmr/m/n/10 0\OML/cmm/m/it/10 c\OT1/cmr/m/n/10 042\OML/
cmm/m/it/10 b\OT1/cmr/m/n/10 6\OML/cmm/m/it/10 a\OT1/cmr/m/n/10 28914\OML/cmm/m
/it/10 c\OT1/cmr/m/n/10 9\OML/cmm/m/it/10 d\OT1/cmr/m/n/10 4\OML/cmm/m/it/10 a\
OT1/cmr/m/n/10 5553881\OML/cmm/m/it/10 b\OT1/cmr/m/n/10 83719[]()[][](\OML/cmm/
m/it/10 const[][]\OT1/cmr/m/n/10 &\OML/cmm/m/it/10 one\OT1/cmr/m/n/10 )[]$ 
 []


./classBin.tex:15: LaTeX Error: Lonely \item--perhaps a missing list environmen
t.

See the LaTeX manual or LaTeX Companion for explanation.
Type  H <return>  for immediate help.
 ...                                              
                                                  
l.15 \hyperlink
               {classBin_a2e1b637831c72e66f15dfdd541380a3d}{$\sim$\-Bin} ()
? 
./classBin.tex:15: Undefined control sequence.
<recently read> \hyperlink 
                           
l.15 \hyperlink
               {classBin_a2e1b637831c72e66f15dfdd541380a3d}{$\sim$\-Bin} ()
? 
Missing character: There is no c in font nullfont!
Missing character: There is no l in font nullfont!
Missing character: There is no a in font nullfont!
Missing character: There is no s in font nullfont!
Missing character: There is no s in font nullfont!
Missing character: There is no B in font nullfont!
Missing character: There is no i in font nullfont!
Missing character: There is no n in font nullfont!
./classBin.tex:15: Missing $ inserted.
<inserted text> 
                $
l.15 \hyperlink{classBin_
                         a2e1b637831c72e66f15dfdd541380a3d}{$\sim$\-Bin} ()
? 
./classBin.tex:15: Extra }, or forgotten $.
l.15 ...lassBin_a2e1b637831c72e66f15dfdd541380a3d}
                                                  {$\sim$\-Bin} ()
? 
./classBin.tex:15: Missing } inserted.
<inserted text> 
                }
l.15 ...ssBin_a2e1b637831c72e66f15dfdd541380a3d}{$
                                                  \sim$\-Bin} ()
? 
./classBin.tex:15: Missing $ inserted.
<inserted text> 
                $
l.15 ...n_a2e1b637831c72e66f15dfdd541380a3d}{$\sim
                                                  $\-Bin} ()
? 
Missing character: There is no - in font nullfont!
Missing character: There is no B in font nullfont!
Missing character: There is no i in font nullfont!
Missing character: There is no n in font nullfont!
Missing character: There is no ( in font nullfont!
Missing character: There is no ) in font nullfont!

Overfull \hbox (171.93071pt too wide) in paragraph at lines 15--17
[]\OT1/cmr/m/n/10 2\OML/cmm/m/it/10 e\OT1/cmr/m/n/10 1\OML/cmm/m/it/10 b\OT1/cm
r/m/n/10 637831\OML/cmm/m/it/10 c\OT1/cmr/m/n/10 72\OML/cmm/m/it/10 e\OT1/cmr/m
/n/10 66\OML/cmm/m/it/10 f\OT1/cmr/m/n/10 15\OML/cmm/m/it/10 dfdd\OT1/cmr/m/n/1
0 541380\OML/cmm/m/it/10 a\OT1/cmr/m/n/10 3\OML/cmm/m/it/10 d[]$$\OMS/cmsy/m/n/
10 ^^X$
 []


./classBin.tex:17: LaTeX Error: Lonely \item--perhaps a missing list environmen
t.

See the LaTeX manual or LaTeX Companion for explanation.
Type  H <return>  for immediate help.
 ...                                              
                                                  
l.17 v
      oid \hyperlink{classBin_ab2b7e4058a3d65a96c3b754a96d7a8b0}{init} (long d)

? 
Missing character: There is no v in font nullfont!
Missing character: There is no o in font nullfont!
Missing character: There is no i in font nullfont!
Missing character: There is no d in font nullfont!
./classBin.tex:17: Undefined control sequence.
l.17 void \hyperlink
                    {classBin_ab2b7e4058a3d65a96c3b754a96d7a8b0}{init} (long d)

? 
Missing character: There is no c in font nullfont!
Missing character: There is no l in font nullfont!
Missing character: There is no a in font nullfont!
Missing character: There is no s in font nullfont!
Missing character: There is no s in font nullfont!
Missing character: There is no B in font nullfont!
Missing character: There is no i in font nullfont!
Missing character: There is no n in font nullfont!
./classBin.tex:17: Missing $ inserted.
<inserted text> 
                $
l.17 void \hyperlink{classBin_
                              ab2b7e4058a3d65a96c3b754a96d7a8b0}{init} (long d)

? 
./classBin.tex:17: Extra }, or forgotten $.
l.17 ...lassBin_ab2b7e4058a3d65a96c3b754a96d7a8b0}
                                                  {init} (long d)
? 

./classBin.tex:18: LaTeX Error: Command \item invalid in math mode.

See the LaTeX manual or LaTeX Companion for explanation.
Type  H <return>  for immediate help.
 ...                                              
                                                  
l.18 \item
          
? 

./classBin.tex:19: LaTeX Error: Something's wrong--perhaps a missing \item.

See the LaTeX manual or LaTeX Companion for explanation.
Type  H <return>  for immediate help.
 ...                                              
                                                  
l.19 v
      oid \hyperlink{classBin_a8c8eae718d8558ec91658248d1df199f}{set} (long ...

? 

./classBin.tex:19: LaTeX Error: Something's wrong--perhaps a missing \item.

See the LaTeX manual or LaTeX Companion for explanation.
Type  H <return>  for immediate help.
 ...                                              
                                                  
l.19 v
      oid \hyperlink{classBin_a8c8eae718d8558ec91658248d1df199f}{set} (long ...

? 

./classBin.tex:19: LaTeX Error: Lonely \item--perhaps a missing list environmen
t.

See the LaTeX manual or LaTeX Companion for explanation.
Type  H <return>  for immediate help.
 ...                                              
                                                  
l.19 v
      oid \hyperlink{classBin_a8c8eae718d8558ec91658248d1df199f}{set} (long ...

? 
./classBin.tex:19: Undefined control sequence.
l.19 void \hyperlink
                    {classBin_a8c8eae718d8558ec91658248d1df199f}{set} (long ...

? 

./classBin.tex:20: LaTeX Error: Command \item invalid in math mode.

See the LaTeX manual or LaTeX Companion for explanation.
Type  H <return>  for immediate help.
 ...                                              
                                                  
l.20 \item
          
? 
./classBin.tex:21: Missing $ inserted.
<inserted text> 
                $
l.21 \hyperlink
               {classBin}{Bin} \& \hyperlink{classBin_a8d59d0e57bb7f699b2aa9...

? 

Overfull \hbox (572.37253pt too wide) in paragraph at lines 17--21
[]\OML/cmm/m/it/10 b\OT1/cmr/m/n/10 2\OML/cmm/m/it/10 b\OT1/cmr/m/n/10 7\OML/cm
m/m/it/10 e\OT1/cmr/m/n/10 4058\OML/cmm/m/it/10 a\OT1/cmr/m/n/10 3\OML/cmm/m/it
/10 d\OT1/cmr/m/n/10 65\OML/cmm/m/it/10 a\OT1/cmr/m/n/10 96\OML/cmm/m/it/10 c\O
T1/cmr/m/n/10 3\OML/cmm/m/it/10 b\OT1/cmr/m/n/10 754\OML/cmm/m/it/10 a\OT1/cmr/
m/n/10 96\OML/cmm/m/it/10 d\OT1/cmr/m/n/10 7\OML/cmm/m/it/10 a\OT1/cmr/m/n/10 8
\OML/cmm/m/it/10 b\OT1/cmr/m/n/10 0[](\OML/cmm/m/it/10 longd\OT1/cmr/m/n/10 )\O
ML/cmm/m/it/10 void[][]\OT1/cmr/m/n/10 (\OML/cmm/m/it/10 longd; doubles; double
e\OT1/cmr/m/n/10 )[]$ 
 []


./classBin.tex:21: LaTeX Error: Lonely \item--perhaps a missing list environmen
t.

See the LaTeX manual or LaTeX Companion for explanation.
Type  H <return>  for immediate help.
 ...                                              
                                                  
l.21 \hyperlink
               {classBin}{Bin} \& \hyperlink{classBin_a8d59d0e57bb7f699b2aa9...

? 
./classBin.tex:21: Undefined control sequence.
<recently read> \hyperlink 
                           
l.21 \hyperlink
               {classBin}{Bin} \& \hyperlink{classBin_a8d59d0e57bb7f699b2aa9...

? 
Missing character: There is no c in font nullfont!
Missing character: There is no l in font nullfont!
Missing character: There is no a in font nullfont!
Missing character: There is no s in font nullfont!
Missing character: There is no s in font nullfont!
Missing character: There is no B in font nullfont!
Missing character: There is no i in font nullfont!
Missing character: There is no n in font nullfont!
Missing character: There is no B in font nullfont!
Missing character: There is no i in font nullfont!
Missing character: There is no n in font nullfont!
Missing character: There is no & in font nullfont!
./classBin.tex:21: Undefined control sequence.
l.21 \hyperlink{classBin}{Bin} \& \hyperlink
                                            {classBin_a8d59d0e57bb7f699b2aa9...

? 
Missing character: There is no c in font nullfont!
Missing character: There is no l in font nullfont!
Missing character: There is no a in font nullfont!
Missing character: There is no s in font nullfont!
Missing character: There is no s in font nullfont!
Missing character: There is no B in font nullfont!
Missing character: There is no i in font nullfont!
Missing character: There is no n in font nullfont!
./classBin.tex:21: Missing $ inserted.
<inserted text> 
                $
l.21 ...ink{classBin}{Bin} \& \hyperlink{classBin_
                                                  a8d59d0e57bb7f699b2aa93a97...

? 
./classBin.tex:21: Extra }, or forgotten $.
l.21 ...lassBin_a8d59d0e57bb7f699b2aa93a978719d3f}
                                                  {operator=} (\hyperlink{cl...

? 
./classBin.tex:21: Undefined control sequence.
l.21 ...99b2aa93a978719d3f}{operator=} (\hyperlink
                                                  {classBin}{Bin} \&one)
? 

./classBin.tex:22: LaTeX Error: \begin{document} ended by \end{DoxyCompactItemi
ze}.

See the LaTeX manual or LaTeX Companion for explanation.
Type  H <return>  for immediate help.
 ...                                              
                                                  
l.22 \end{DoxyCompactItemize}
                             
? 
./classBin.tex:22: Missing $ inserted.
<inserted text> 
                $
l.22 \end{DoxyCompactItemize}
                             
? 
./classBin.tex:22: Missing } inserted.
<inserted text> 
                }
l.22 \end{DoxyCompactItemize}
                             
? 
./classBin.tex:22: Missing } inserted.
<inserted text> 
                }
l.22 \end{DoxyCompactItemize}
                             
? 
./classBin.tex:22: Missing } inserted.
<inserted text> 
                }
l.22 \end{DoxyCompactItemize}
                             
? 
./classBin.tex:23: Undefined control sequence.
l.23 \subsection
                *{Public Attributes}
? 
Missing character: There is no * in font nullfont!
Missing character: There is no P in font nullfont!
Missing character: There is no u in font nullfont!
Missing character: There is no b in font nullfont!
Missing character: There is no l in font nullfont!
Missing character: There is no i in font nullfont!
Missing character: There is no c in font nullfont!
Missing character: There is no A in font nullfont!
Missing character: There is no t in font nullfont!
Missing character: There is no t in font nullfont!
Missing character: There is no r in font nullfont!
Missing character: There is no i in font nullfont!
Missing character: There is no b in font nullfont!
Missing character: There is no u in font nullfont!
Missing character: There is no t in font nullfont!
Missing character: There is no e in font nullfont!
Missing character: There is no s in font nullfont!

./classBin.tex:24: LaTeX Error: Environment DoxyCompactItemize undefined.

See the LaTeX manual or LaTeX Companion for explanation.
Type  H <return>  for immediate help.
 ...                                              
                                                  
l.24 \begin{DoxyCompactItemize}
                               
? 

Overfull \hbox (302.49823pt too wide) in paragraph at lines 21--26
[]\OT1/cmr/m/n/10 8\OML/cmm/m/it/10 d\OT1/cmr/m/n/10 59\OML/cmm/m/it/10 d\OT1/c
mr/m/n/10 0\OML/cmm/m/it/10 e\OT1/cmr/m/n/10 57\OML/cmm/m/it/10 bb\OT1/cmr/m/n/
10 7\OML/cmm/m/it/10 f\OT1/cmr/m/n/10 699\OML/cmm/m/it/10 b\OT1/cmr/m/n/10 2\OM
L/cmm/m/it/10 aa\OT1/cmr/m/n/10 93\OML/cmm/m/it/10 a\OT1/cmr/m/n/10 978719\OML/
cmm/m/it/10 d\OT1/cmr/m/n/10 3\OML/cmm/m/it/10 f[]\OT1/cmr/m/n/10 ([][]&\OML/cm
m/m/it/10 one\OT1/cmr/m/n/10 )$
 []


./classBin.tex:26: LaTeX Error: Lonely \item--perhaps a missing list environmen
t.

See the LaTeX manual or LaTeX Companion for explanation.
Type  H <return>  for immediate help.
 ...                                              
                                                  
l.26 d
      ouble $\ast$ \hyperlink{classBin_a871dccbac864888d0e721f6ecb6d83b2}{min}
? 
Missing character: There is no d in font nullfont!
Missing character: There is no o in font nullfont!
Missing character: There is no u in font nullfont!
Missing character: There is no b in font nullfont!
Missing character: There is no l in font nullfont!
Missing character: There is no e in font nullfont!
./classBin.tex:26: Undefined control sequence.
l.26 double $\ast$ \hyperlink
                             {classBin_a871dccbac864888d0e721f6ecb6d83b2}{min}
? 
Missing character: There is no c in font nullfont!
Missing character: There is no l in font nullfont!
Missing character: There is no a in font nullfont!
Missing character: There is no s in font nullfont!
Missing character: There is no s in font nullfont!
Missing character: There is no B in font nullfont!
Missing character: There is no i in font nullfont!
Missing character: There is no n in font nullfont!
./classBin.tex:26: Missing $ inserted.
<inserted text> 
                $
l.26 double $\ast$ \hyperlink{classBin_
                                       a871dccbac864888d0e721f6ecb6d83b2}{min}
? 
./classBin.tex:26: Extra }, or forgotten $.
l.26 ...lassBin_a871dccbac864888d0e721f6ecb6d83b2}
                                                  {min}
? 

./classBin.tex:27: LaTeX Error: Command \item invalid in math mode.

See the LaTeX manual or LaTeX Companion for explanation.
Type  H <return>  for immediate help.
 ...                                              
                                                  
l.27 \item
          
? 

./classBin.tex:28: LaTeX Error: Something's wrong--perhaps a missing \item.

See the LaTeX manual or LaTeX Companion for explanation.
Type  H <return>  for immediate help.
 ...                                              
                                                  
l.28 d
      ouble $\ast$ \hyperlink{classBin_a3badb846323995b8a9812a48cdba8ee1}{max}
? 

./classBin.tex:28: LaTeX Error: Something's wrong--perhaps a missing \item.

See the LaTeX manual or LaTeX Companion for explanation.
Type  H <return>  for immediate help.
 ...                                              
                                                  
l.28 d
      ouble $\ast$ \hyperlink{classBin_a3badb846323995b8a9812a48cdba8ee1}{max}
? 

./classBin.tex:28: LaTeX Error: Lonely \item--perhaps a missing list environmen
t.

See the LaTeX manual or LaTeX Companion for explanation.
Type  H <return>  for immediate help.
 ...                                              
                                                  
l.28 d
      ouble $\ast$ \hyperlink{classBin_a3badb846323995b8a9812a48cdba8ee1}{max}
? 
./classBin.tex:28: Missing $ inserted.
<inserted text> 
                $
l.28 double $\ast
                 $ \hyperlink{classBin_a3badb846323995b8a9812a48cdba8ee1}{max}
? 
./classBin.tex:28: Undefined control sequence.
l.28 double $\ast$ \hyperlink
                             {classBin_a3badb846323995b8a9812a48cdba8ee1}{max}
? 
Missing character: There is no c in font nullfont!
Missing character: There is no l in font nullfont!
Missing character: There is no a in font nullfont!
Missing character: There is no s in font nullfont!
Missing character: There is no s in font nullfont!
Missing character: There is no B in font nullfont!
Missing character: There is no i in font nullfont!
Missing character: There is no n in font nullfont!
./classBin.tex:28: Missing $ inserted.
<inserted text> 
                $
l.28 double $\ast$ \hyperlink{classBin_
                                       a3badb846323995b8a9812a48cdba8ee1}{max}
? 
./classBin.tex:28: Extra }, or forgotten $.
l.28 ...lassBin_a3badb846323995b8a9812a48cdba8ee1}
                                                  {max}
? 

./classBin.tex:29: LaTeX Error: Command \item invalid in math mode.

See the LaTeX manual or LaTeX Companion for explanation.
Type  H <return>  for immediate help.
 ...                                              
                                                  
l.29 \item
          
? 
./classBin.tex:30: Missing $ inserted.
<inserted text> 
                $
l.30 d
      ouble \hyperlink{classBin_a8a3b3b5b89afbff5b391659fea935e9c}{dos}
? 

Overfull \hbox (5.00002pt too wide) in paragraph at lines 26--30
\OMS/cmsy/m/n/10 ^^C$
 []


Overfull \hbox (212.3412pt too wide) in paragraph at lines 26--30
[]\OT1/cmr/m/n/10 871\OML/cmm/m/it/10 dccbac\OT1/cmr/m/n/10 864888\OML/cmm/m/it
/10 d\OT1/cmr/m/n/10 0\OML/cmm/m/it/10 e\OT1/cmr/m/n/10 721\OML/cmm/m/it/10 f\O
T1/cmr/m/n/10 6\OML/cmm/m/it/10 ecb\OT1/cmr/m/n/10 6\OML/cmm/m/it/10 d\OT1/cmr/
m/n/10 83\OML/cmm/m/it/10 b\OT1/cmr/m/n/10 2[]\OML/cmm/m/it/10 double$$\OMS/cms
y/m/n/10 ^^C$
 []


Overfull \hbox (201.97923pt too wide) in paragraph at lines 26--30
[]\OT1/cmr/m/n/10 3\OML/cmm/m/it/10 badb\OT1/cmr/m/n/10 846323995\OML/cmm/m/it/
10 b\OT1/cmr/m/n/10 8\OML/cmm/m/it/10 a\OT1/cmr/m/n/10 9812\OML/cmm/m/it/10 a\O
T1/cmr/m/n/10 48\OML/cmm/m/it/10 cdba\OT1/cmr/m/n/10 8\OML/cmm/m/it/10 ee\OT1/c
mr/m/n/10 1[][]$ 
 []


./classBin.tex:30: LaTeX Error: Lonely \item--perhaps a missing list environmen
t.

See the LaTeX manual or LaTeX Companion for explanation.
Type  H <return>  for immediate help.
 ...                                              
                                                  
l.30 d
      ouble \hyperlink{classBin_a8a3b3b5b89afbff5b391659fea935e9c}{dos}
? 
Missing character: There is no d in font nullfont!
Missing character: There is no o in font nullfont!
Missing character: There is no u in font nullfont!
Missing character: There is no b in font nullfont!
Missing character: There is no l in font nullfont!
Missing character: There is no e in font nullfont!
./classBin.tex:30: Undefined control sequence.
l.30 double \hyperlink
                      {classBin_a8a3b3b5b89afbff5b391659fea935e9c}{dos}
? 
Missing character: There is no c in font nullfont!
Missing character: There is no l in font nullfont!
Missing character: There is no a in font nullfont!
Missing character: There is no s in font nullfont!
Missing character: There is no s in font nullfont!
Missing character: There is no B in font nullfont!
Missing character: There is no i in font nullfont!
Missing character: There is no n in font nullfont!
./classBin.tex:30: Missing $ inserted.
<inserted text> 
                $
l.30 double \hyperlink{classBin_
                                a8a3b3b5b89afbff5b391659fea935e9c}{dos}
? 
./classBin.tex:30: Extra }, or forgotten $.
l.30 ...lassBin_a8a3b3b5b89afbff5b391659fea935e9c}
                                                  {dos}
? 

./classBin.tex:31: LaTeX Error: Command \item invalid in math mode.

See the LaTeX manual or LaTeX Companion for explanation.
Type  H <return>  for immediate help.
 ...                                              
                                                  
l.31 \item
          
? 

./classBin.tex:32: LaTeX Error: Something's wrong--perhaps a missing \item.

See the LaTeX manual or LaTeX Companion for explanation.
Type  H <return>  for immediate help.
 ...                                              
                                                  
l.32 l
      ong \hyperlink{classBin_a1e9e7fe8d1f6ff14a4d086f35b704351}{count}
? 

./classBin.tex:32: LaTeX Error: Something's wrong--perhaps a missing \item.

See the LaTeX manual or LaTeX Companion for explanation.
Type  H <return>  for immediate help.
 ...                                              
                                                  
l.32 l
      ong \hyperlink{classBin_a1e9e7fe8d1f6ff14a4d086f35b704351}{count}
? 

./classBin.tex:32: LaTeX Error: Lonely \item--perhaps a missing list environmen
t.

See the LaTeX manual or LaTeX Companion for explanation.
Type  H <return>  for immediate help.
 ...                                              
                                                  
l.32 l
      ong \hyperlink{classBin_a1e9e7fe8d1f6ff14a4d086f35b704351}{count}
? 
./classBin.tex:32: Emergency stop.
 ...                                              
                                                  
l.32 l
      ong \hyperlink{classBin_a1e9e7fe8d1f6ff14a4d086f35b704351}{count}
Try typing  <return>  to proceed.
If that doesn't work, type  X <return>  to quit.

 
Here is how much of TeX's memory you used:
 14 strings out of 493315
 388 string characters out of 6137904
 53158 words of memory out of 5000000
 3564 multiletter control sequences out of 15000+600000
 3808 words of font info for 15 fonts, out of 8000000 for 9000
 957 hyphenation exceptions out of 8191
 18i,3n,12p,144b,96s stack positions out of 5000i,500n,10000p,200000b,80000s
./classBin.tex:32:  ==> Fatal error occurred, no output PDF file produced!
