
# Parallel Frame for Wang-Landau sampling ... 
  >> processing input parameters ... 
     -> input file: wang_landau.input
     -> random seed for direction selector: 928749
     -> dimension of DOS: 1
     -> windows each dimension: 12  
     -> overlap each dimension: 0.8  
     -> number of processes: 12
     -> number of wins: 12
     -> number of proc. per win.: 1
     -> current procees id: 5
     -> current win. coords.: 5 
     -> number of inter win. comm.: 11  (11)
        * inter win. comm. type: 0
  >> finish sucessfully! 
  >> building communicators ... 
     -> intra wins. comms. ... 
            * color of intra win. comm.: 5
     -> inter wins. comms. ... 
        <*>  inter cross wins. comms. 
            * interCrossWinComm    0:      0     1 
            * interCrossWinComm    1:      1     2 
            * interCrossWinComm    2:      2     3 
            * interCrossWinComm    3:      3     4 
            * interCrossWinComm    4:      4     5 
            * interCrossWinComm    5:      5     6 
            * interCrossWinComm    6:      6     7 
            * interCrossWinComm    7:      7     8 
            * interCrossWinComm    8:      8     9 
            * interCrossWinComm    9:      9    10 
            * interCrossWinComm   10:     10    11 
            * my id at interCrossWinComm    4:      1
            * my id at interCrossWinComm    5:      0
  >> finish successfully!

# Wang-Landau Simulation Normal Start: 
  >> initialize random number generator ... 
     * random seed:    5514167
  >> build up histogram ... 
     => start building histogram object ! 
        -> total number of bins: 125
        -> histogram dimension: 1
        -> bins each dim: 125  
        -> weights each dim: 1  
        -> min. each dim: -2687.5  
        -> max. each dim: -2375  
        -> step each dim: 2.5  
     => build Histogam sucessfully ! 
  >> configuration print flag is ON ! 
       * number of configurations that is going to print for each bin is 5
  >> initialize model ... 
     => start Iniliazation of Lipid Model ... 
       -> pre-calculating potential parameters ... 
       -> building cells ... 
          * length of simulation box: 4.27494 - -4.27494 = 8.54988
          * length of cell: 2.84996
          * number of cells: 27
          * number of cells per line: 3
       -> adding monomers ... 
          * monomers per line 8
          * created monomers 500
       -> building monomer indexes ... 
       -> creating lipids ... 
          * initial number of lipids: 50
       -> check model integrity ... 
       -> do observables measurement ... 
          * initial observables: 	1150.85	
       -> initialize adaptive move arrays ... 
           * adaptive move flag OFF!
     => initialize LipidModel sucessfully !
  >> modifying model to fit constraints ... 
    ----Start ChangeVolumeMOve 

